生成启动时间为 12/7/2014 4:58:17 PM。
     1>项目“F:\application\MFCApplication3_11_3_two_socket_modify\MFCApplication3.vcxproj”在节点 2 上(Build 个目标)。
     1>ClCompile:
         D:\Program Files (x86)\Microsoft Visual Studio 11.0\VC\bin\CL.exe /c /ZI /nologo /W3 /WX- /sdl /Od /Oy- /D WIN32 /D _WINDOWS /D _DEBUG /D _UNICODE /D UNICODE /D _CRT_SECURE_NO_WARNINGS /Gm /EHsc /RTC1 /MTd /GS /fp:precise /Zc:wchar_t /Zc:forScope /Yu"stdafx.h" /Fp"Debug\SmartSharing.pch" /Fo"Debug\\" /Fd"Debug\vc110.pdb" /Gd /TP /analyze- /errorReport:prompt SmartSharingDlg.cpp
         SmartSharingDlg.cpp
     1>f:\application\mfcapplication3_11_3_two_socket_modify\smartsharingdlg.cpp(1017): warning C4018: “<”: 有符号/无符号不匹配
     1>f:\application\mfcapplication3_11_3_two_socket_modify\smartsharingdlg.cpp(1131): warning C4018: “<”: 有符号/无符号不匹配
     1>f:\application\mfcapplication3_11_3_two_socket_modify\smartsharingdlg.cpp(1339): warning C4244: “=”: 从“wchar_t”转换到“char”，可能丢失数据
     1>f:\application\mfcapplication3_11_3_two_socket_modify\smartsharingdlg.cpp(1401): warning C4244: “=”: 从“ULONGLONG”转换到“char”，可能丢失数据
     1>f:\application\mfcapplication3_11_3_two_socket_modify\smartsharingdlg.cpp(1568): warning C4244: “=”: 从“wchar_t”转换到“char”，可能丢失数据
     1>f:\application\mfcapplication3_11_3_two_socket_modify\smartsharingdlg.cpp(1635): warning C4244: “=”: 从“ULONGLONG”转换到“char”，可能丢失数据
     1>f:\application\mfcapplication3_11_3_two_socket_modify\smartsharingdlg.cpp(2107): warning C4018: “<”: 有符号/无符号不匹配
     1>f:\application\mfcapplication3_11_3_two_socket_modify\smartsharingdlg.cpp(2166): warning C4244: “=”: 从“wchar_t”转换到“BYTE”，可能丢失数据
     1>f:\application\mfcapplication3_11_3_two_socket_modify\smartsharingdlg.cpp(2956): warning C4101: “index”: 未引用的局部变量
       Link:
         D:\Program Files (x86)\Microsoft Visual Studio 11.0\VC\bin\link.exe /ERRORREPORT:PROMPT /OUT:"F:\application\MFCApplication3_11_3_two_socket_modify\Debug\SmartSharing.exe" /INCREMENTAL /NOLOGO /MANIFEST /MANIFESTUAC:"level='requireAdministrator' uiAccess='false'" /manifest:embed /manifestinput:"D:\Program Files (x86)\Microsoft Visual Studio 11.0\VC\Include\Manifest\dpiaware.manifest" /DEBUG /PDB:"F:\application\MFCApplication3_11_3_two_socket_modify\Debug\SmartSharing.pdb" /SUBSYSTEM:WINDOWS /TLBID:1 /ENTRY:"wWinMainCRTStartup" /DYNAMICBASE /NXCOMPAT /IMPLIB:"F:\application\MFCApplication3_11_3_two_socket_modify\Debug\SmartSharing.lib" /MACHINE:X86 Debug\MFCApplication3.res
         Debug\CeBtnST.obj
         Debug\CoAsyncSocket.obj
         Debug\DDServerLib.obj
         Debug\ICSSettingDlg.obj
         Debug\LocalState.obj
         Debug\log.obj
         Debug\md5_check.obj
         Debug\MyDataAsyncSocket.obj
         Debug\SendFileTipDlg.obj
         Debug\ServerDataAsyncSocket.obj
         Debug\SmartSharingApp.obj
         Debug\MyAsyncSocket.obj
         Debug\SmartSharingDlg.obj
         Debug\SmartSharingDlg1.obj
         Debug\StartSrvDlg.obj
         Debug\stdafx.obj
         MFCApplication3.vcxproj -> F:\application\MFCApplication3_11_3_two_socket_modify\Debug\SmartSharing.exe
     1>已完成生成项目“F:\application\MFCApplication3_11_3_two_socket_modify\MFCApplication3.vcxproj”(Build 个目标)的操作。

生成成功。

已用时间 00:00:14.34
